15:55:59.972 [main] INFO  - **** Starting TC_003_LoginSignup ****
15:55:59.979 [main] INFO  - Navigating to the homepage
15:56:08.891 [main] INFO  - Clicking on the Login/Signup button
15:56:10.492 [main] INFO  - Selecting the Google button
15:56:11.026 [main] INFO  - Verifying that the Login/SignUp card is displayed
15:58:17.862 [main] INFO  - Navigating to the Google Accounts sign in page
15:58:51.214 [main] INFO  - Entering email
15:58:51.517 [main] INFO  - Clicking on the next button
15:58:52.353 [main] INFO  - Capturing error message
15:58:52.440 [main] INFO  - **** Finished TC_003_LoginSignup ****
16:00:48.787 [main] INFO  - **** Starting TC_002_UsedCar ****
16:00:48.787 [main] INFO  - Navigating to the homepage
16:00:54.511 [main] INFO  - checking zigwheels visibility
16:00:54.962 [main] INFO  - checking used cars option visibility
16:00:55.393 [main] INFO  - Hovering over and selecting used cars
16:00:55.922 [main] INFO  - checking Chennai option visibility
16:00:56.247 [main] INFO  - Selecting Chennai used cars
16:03:18.395 [main] INFO  - **** Starting TC_001_UpcomingBike ****
16:03:18.395 [main] INFO  - clicking on  New Bikes 
16:03:24.450 [main] INFO  - Selecting Upcoming Bikes
16:03:40.383 [main] INFO  - checking Upcoming Bikes page is displayed or not
16:03:40.688 [main] INFO  - clicking on Manufacturers dropdown
16:03:50.855 [main] INFO  - selecting Honda brand
16:03:52.912 [main] INFO  - checking ViewMore button visibility
16:06:21.313 [main] INFO  - checking Honda upcoming Bikes page is displayed or not
16:06:21.531 [main] INFO  - checking all honda bikes names are there or not
16:06:21.786 [main] INFO  - checking all honda bikes prices are there or not
16:06:22.057 [main] INFO  - checking all honda bikes expected dates are there or not
16:06:22.353 [main] INFO  - Displaying bikes details
16:06:22.900 [main] DEBUG - Parsing relationship: /xl/_rels/workbook.xml.rels
16:06:22.907 [main] DEBUG - Parsing relationship: /_rels/.rels
16:06:23.385 [main] TRACE - Loading type system org.apache.poi.schemas.ooxml.system.ooxml
16:06:23.392 [main] TRACE - Loading type system org.apache.xmlbeans.metadata.system.sXMLCONFIG
16:06:23.393 [main] TRACE - Loading type system org.apache.xmlbeans.metadata.system.sXMLLANG
16:06:23.394 [main] TRACE - Loading type system org.apache.xmlbeans.metadata.system.sXMLSCHEMA
16:06:23.395 [main] TRACE - Loading type system org.apache.xmlbeans.metadata.system.sXMLTOOLS
16:06:23.398 [main] TRACE - Reading unresolved handles for type system org.apache.xmlbeans.metadata.system.sXMLTOOLS
16:06:23.429 [main] TRACE - Finished loading type system org.apache.xmlbeans.metadata.system.sXMLTOOLS
16:06:23.431 [main] TRACE - Reading unresolved handles for type system org.apache.xmlbeans.metadata.system.sXMLSCHEMA
16:06:23.443 [main] TRACE - Finished loading type system org.apache.xmlbeans.metadata.system.sXMLSCHEMA
16:06:23.446 [main] TRACE - Reading unresolved handles for type system org.apache.xmlbeans.metadata.system.sXMLLANG
16:06:23.449 [main] TRACE - Finished loading type system org.apache.xmlbeans.metadata.system.sXMLLANG
16:06:23.451 [main] TRACE - Reading unresolved handles for type system org.apache.xmlbeans.metadata.system.sXMLCONFIG
16:06:23.454 [main] TRACE - Finished loading type system org.apache.xmlbeans.metadata.system.sXMLCONFIG
16:06:23.456 [main] TRACE - Reading unresolved handles for type system org.apache.poi.schemas.ooxml.system.ooxml
16:06:23.584 [main] TRACE - Finished loading type system org.apache.poi.schemas.ooxml.system.ooxml
16:06:23.586 [main] TRACE - Resolving type for handle themefd26doctype
16:06:23.746 [main] TRACE - Resolving type for handle stylesheet5d8bdoctype
16:06:23.756 [main] TRACE - Resolving type for handle ctstylesheet4257type
16:06:23.766 [main] TRACE - Resolving type for handle ctnumfmtsb58btype
16:06:23.774 [main] TRACE - Resolving type for handle ctfonts6623type
16:06:23.782 [main] TRACE - Resolving type for handle ctfont14d8type
16:06:23.793 [main] TRACE - Resolving type for handle ctfills2c6ftype
16:06:23.800 [main] TRACE - Resolving type for handle ctfill550ctype
16:06:23.806 [main] TRACE - Resolving type for handle ctborders0d66type
16:06:23.813 [main] TRACE - Resolving type for handle ctborderf935type
16:06:23.822 [main] TRACE - Resolving type for handle ctcellxfs1322type
16:06:23.830 [main] TRACE - Resolving type for handle ctxf97f7type
16:06:23.837 [main] TRACE - Resolving type for handle ctcellstylexfsa81ftype
16:06:23.842 [main] TRACE - Resolving type for handle ctdxfsb26atype
16:06:23.849 [main] TRACE - Resolving type for handle cttablestyles872ftype
16:06:23.858 [main] TRACE - Resolving type for handle sstf81fdoctype
16:06:23.869 [main] TRACE - Resolving type for handle ctsst44f3type
16:06:23.898 [main] TRACE - Resolving type for handle ctrsta472type
16:06:23.958 [main] TRACE - Resolving type for handle workbookec17doctype
16:06:23.967 [main] TRACE - Resolving type for handle ctworkbook83c3type
16:06:23.981 [main] TRACE - Resolving type for handle ctsheets49fdtype
16:06:23.988 [main] TRACE - Resolving type for handle ctsheet4dbetype
16:06:23.993 [main] TRACE - Resolving type for handle strelationshipid1e94type
16:06:24.000 [main] TRACE - Resolving type for handle worksheetf539doctype
16:06:24.009 [main] TRACE - Resolving type for handle ctworksheet530dtype
16:06:24.023 [main] TRACE - Resolving type for handle ctsheetdata8408type
16:06:24.036 [main] TRACE - Resolving type for handle ctcols627ctype
16:06:24.060 [main] TRACE - Resolving type for handle ctrowdd39type
16:06:24.075 [main] TRACE - Resolving type for handle ctcell842btype
16:06:24.091 [main] TRACE - Resolving type for handle stcellrefe4e0type
16:06:24.127 [main] TRACE - Resolving type for handle stxstringf179type
16:06:24.139 [main] TRACE - Resolving type for handle stcelltypebf95type
16:06:24.207 [main] TRACE - Resolving type for handle stcellstylexfid70c7type
16:06:24.220 [main] TRACE - Resolving type for handle ctsheetdimensiond310type
16:06:24.225 [main] TRACE - Resolving type for handle stref90a2type
16:06:24.244 [main] TRACE - Resolving type for handle propertiesee84doctype
16:06:24.248 [main] TRACE - Resolving type for handle ctproperties3f10type
16:06:24.258 [main] TRACE - Resolving type for handle properties288cdoctype
16:06:24.261 [main] TRACE - Resolving type for handle ctproperties2c18type
16:06:24.291 [main] DEBUG - Save content types part
16:06:24.423 [main] DEBUG - Save package relationships
16:06:24.431 [main] DEBUG - Save part 'docProps/app.xml'
16:06:24.432 [main] DEBUG - Save part 'docProps/core.xml'
16:06:24.438 [main] DEBUG - Save part 'xl/sharedStrings.xml'
16:06:24.438 [main] DEBUG - Save part 'xl/styles.xml'
16:06:24.439 [main] DEBUG - Save part 'xl/theme/theme1.xml'
16:06:24.440 [main] DEBUG - Save part 'xl/workbook.xml'
16:06:24.444 [main] DEBUG - Save part 'xl/worksheets/sheet1.xml'
16:06:24.444 [main] DEBUG - Save part 'xl/worksheets/sheet2.xml'
16:06:24.445 [main] DEBUG - Save part 'xl/worksheets/sheet3.xml'
16:06:24.446 [main] DEBUG - Save part 'xl/worksheets/sheet4.xml'
16:06:24.462 [main] DEBUG - Parsing relationship: /xl/_rels/workbook.xml.rels
16:06:24.464 [main] DEBUG - Parsing relationship: /_rels/.rels
16:06:24.551 [main] DEBUG - Save content types part
16:06:24.555 [main] DEBUG - Save package relationships
16:06:24.559 [main] DEBUG - Save part 'docProps/app.xml'
16:06:24.560 [main] DEBUG - Save part 'docProps/core.xml'
16:06:24.565 [main] DEBUG - Save part 'xl/sharedStrings.xml'
16:06:24.566 [main] DEBUG - Save part 'xl/styles.xml'
16:06:24.566 [main] DEBUG - Save part 'xl/theme/theme1.xml'
16:06:24.568 [main] DEBUG - Save part 'xl/workbook.xml'
16:06:24.573 [main] DEBUG - Save part 'xl/worksheets/sheet1.xml'
16:06:24.574 [main] DEBUG - Save part 'xl/worksheets/sheet2.xml'
16:06:24.575 [main] DEBUG - Save part 'xl/worksheets/sheet3.xml'
16:06:24.575 [main] DEBUG - Save part 'xl/worksheets/sheet4.xml'
16:06:24.595 [main] DEBUG - Parsing relationship: /xl/_rels/workbook.xml.rels
16:06:24.597 [main] DEBUG - Parsing relationship: /_rels/.rels
16:06:24.670 [main] DEBUG - Save content types part
16:06:24.673 [main] DEBUG - Save package relationships
16:06:24.676 [main] DEBUG - Save part 'docProps/app.xml'
16:06:24.676 [main] DEBUG - Save part 'docProps/core.xml'
16:06:24.680 [main] DEBUG - Save part 'xl/sharedStrings.xml'
16:06:24.680 [main] DEBUG - Save part 'xl/styles.xml'
16:06:24.681 [main] DEBUG - Save part 'xl/theme/theme1.xml'
16:06:24.682 [main] DEBUG - Save part 'xl/workbook.xml'
16:06:24.686 [main] DEBUG - Save part 'xl/worksheets/sheet1.xml'
16:06:24.687 [main] DEBUG - Save part 'xl/worksheets/sheet2.xml'
16:06:24.687 [main] DEBUG - Save part 'xl/worksheets/sheet3.xml'
16:06:24.688 [main] DEBUG - Save part 'xl/worksheets/sheet4.xml'
16:06:24.845 [main] DEBUG - Parsing relationship: /xl/_rels/workbook.xml.rels
16:06:24.847 [main] DEBUG - Parsing relationship: /_rels/.rels
16:06:24.919 [main] DEBUG - Save content types part
16:06:24.923 [main] DEBUG - Save package relationships
16:06:24.927 [main] DEBUG - Save part 'docProps/app.xml'
16:06:24.928 [main] DEBUG - Save part 'docProps/core.xml'
16:06:24.932 [main] DEBUG - Save part 'xl/sharedStrings.xml'
16:06:24.933 [main] DEBUG - Save part 'xl/styles.xml'
16:06:24.934 [main] DEBUG - Save part 'xl/theme/theme1.xml'
16:06:24.935 [main] DEBUG - Save part 'xl/workbook.xml'
16:06:24.939 [main] DEBUG - Save part 'xl/worksheets/sheet1.xml'
16:06:24.940 [main] DEBUG - Save part 'xl/worksheets/sheet2.xml'
16:06:24.941 [main] DEBUG - Save part 'xl/worksheets/sheet3.xml'
16:06:24.942 [main] DEBUG - Save part 'xl/worksheets/sheet4.xml'
16:06:24.957 [main] DEBUG - Parsing relationship: /xl/_rels/workbook.xml.rels
16:06:24.959 [main] DEBUG - Parsing relationship: /_rels/.rels
16:06:25.022 [main] DEBUG - Save content types part
16:06:25.025 [main] DEBUG - Save package relationships
16:06:25.028 [main] DEBUG - Save part 'docProps/app.xml'
16:06:25.029 [main] DEBUG - Save part 'docProps/core.xml'
16:06:25.032 [main] DEBUG - Save part 'xl/sharedStrings.xml'
16:06:25.032 [main] DEBUG - Save part 'xl/styles.xml'
16:06:25.033 [main] DEBUG - Save part 'xl/theme/theme1.xml'
16:06:25.034 [main] DEBUG - Save part 'xl/workbook.xml'
16:06:25.038 [main] DEBUG - Save part 'xl/worksheets/sheet1.xml'
16:06:25.038 [main] DEBUG - Save part 'xl/worksheets/sheet2.xml'
16:06:25.039 [main] DEBUG - Save part 'xl/worksheets/sheet3.xml'
16:06:25.039 [main] DEBUG - Save part 'xl/worksheets/sheet4.xml'
16:06:25.070 [main] DEBUG - Parsing relationship: /xl/_rels/workbook.xml.rels
16:06:25.072 [main] DEBUG - Parsing relationship: /_rels/.rels
16:06:25.134 [main] DEBUG - Save content types part
16:06:25.138 [main] DEBUG - Save package relationships
16:06:25.141 [main] DEBUG - Save part 'docProps/app.xml'
16:06:25.142 [main] DEBUG - Save part 'docProps/core.xml'
16:06:25.145 [main] DEBUG - Save part 'xl/sharedStrings.xml'
16:06:25.146 [main] DEBUG - Save part 'xl/styles.xml'
16:06:25.147 [main] DEBUG - Save part 'xl/theme/theme1.xml'
16:06:25.148 [main] DEBUG - Save part 'xl/workbook.xml'
16:06:25.151 [main] DEBUG - Save part 'xl/worksheets/sheet1.xml'
16:06:25.152 [main] DEBUG - Save part 'xl/worksheets/sheet2.xml'
16:06:25.152 [main] DEBUG - Save part 'xl/worksheets/sheet3.xml'
16:06:25.153 [main] DEBUG - Save part 'xl/worksheets/sheet4.xml'
16:06:25.329 [main] DEBUG - Parsing relationship: /xl/_rels/workbook.xml.rels
16:06:25.332 [main] DEBUG - Parsing relationship: /_rels/.rels
16:06:25.389 [main] DEBUG - Save content types part
16:06:25.393 [main] DEBUG - Save package relationships
16:06:25.404 [main] DEBUG - Save part 'docProps/app.xml'
16:06:25.405 [main] DEBUG - Save part 'docProps/core.xml'
16:06:25.408 [main] DEBUG - Save part 'xl/sharedStrings.xml'
16:06:25.409 [main] DEBUG - Save part 'xl/styles.xml'
16:06:25.409 [main] DEBUG - Save part 'xl/theme/theme1.xml'
16:06:25.410 [main] DEBUG - Save part 'xl/workbook.xml'
16:06:25.415 [main] DEBUG - Save part 'xl/worksheets/sheet1.xml'
16:06:25.415 [main] DEBUG - Save part 'xl/worksheets/sheet2.xml'
16:06:25.416 [main] DEBUG - Save part 'xl/worksheets/sheet3.xml'
16:06:25.416 [main] DEBUG - Save part 'xl/worksheets/sheet4.xml'
16:06:25.429 [main] DEBUG - Parsing relationship: /xl/_rels/workbook.xml.rels
16:06:25.431 [main] DEBUG - Parsing relationship: /_rels/.rels
16:06:25.492 [main] DEBUG - Save content types part
16:06:25.495 [main] DEBUG - Save package relationships
16:06:25.497 [main] DEBUG - Save part 'docProps/app.xml'
16:06:25.498 [main] DEBUG - Save part 'docProps/core.xml'
16:06:25.501 [main] DEBUG - Save part 'xl/sharedStrings.xml'
16:06:25.502 [main] DEBUG - Save part 'xl/styles.xml'
16:06:25.503 [main] DEBUG - Save part 'xl/theme/theme1.xml'
16:06:25.505 [main] DEBUG - Save part 'xl/workbook.xml'
16:06:25.508 [main] DEBUG - Save part 'xl/worksheets/sheet1.xml'
16:06:25.509 [main] DEBUG - Save part 'xl/worksheets/sheet2.xml'
16:06:25.510 [main] DEBUG - Save part 'xl/worksheets/sheet3.xml'
16:06:25.510 [main] DEBUG - Save part 'xl/worksheets/sheet4.xml'
16:06:25.522 [main] DEBUG - Parsing relationship: /xl/_rels/workbook.xml.rels
16:06:25.524 [main] DEBUG - Parsing relationship: /_rels/.rels
16:06:25.574 [main] DEBUG - Save content types part
16:06:25.577 [main] DEBUG - Save package relationships
16:06:25.579 [main] DEBUG - Save part 'docProps/app.xml'
16:06:25.580 [main] DEBUG - Save part 'docProps/core.xml'
16:06:25.583 [main] DEBUG - Save part 'xl/sharedStrings.xml'
16:06:25.583 [main] DEBUG - Save part 'xl/styles.xml'
16:06:25.584 [main] DEBUG - Save part 'xl/theme/theme1.xml'
16:06:25.585 [main] DEBUG - Save part 'xl/workbook.xml'
16:06:25.589 [main] DEBUG - Save part 'xl/worksheets/sheet1.xml'
16:06:25.589 [main] DEBUG - Save part 'xl/worksheets/sheet2.xml'
16:06:25.590 [main] DEBUG - Save part 'xl/worksheets/sheet3.xml'
16:06:25.590 [main] DEBUG - Save part 'xl/worksheets/sheet4.xml'
16:06:26.061 [main] DEBUG - Parsing relationship: /xl/_rels/workbook.xml.rels
16:06:26.062 [main] DEBUG - Parsing relationship: /_rels/.rels
16:06:26.116 [main] DEBUG - Save content types part
16:06:26.119 [main] DEBUG - Save package relationships
16:06:26.121 [main] DEBUG - Save part 'docProps/app.xml'
16:06:26.122 [main] DEBUG - Save part 'docProps/core.xml'
16:06:26.125 [main] DEBUG - Save part 'xl/sharedStrings.xml'
16:06:26.126 [main] DEBUG - Save part 'xl/styles.xml'
16:06:26.126 [main] DEBUG - Save part 'xl/theme/theme1.xml'
16:06:26.127 [main] DEBUG - Save part 'xl/workbook.xml'
16:06:26.130 [main] DEBUG - Save part 'xl/worksheets/sheet1.xml'
16:06:26.131 [main] DEBUG - Save part 'xl/worksheets/sheet2.xml'
16:06:26.131 [main] DEBUG - Save part 'xl/worksheets/sheet3.xml'
16:06:26.131 [main] DEBUG - Save part 'xl/worksheets/sheet4.xml'
16:06:26.146 [main] DEBUG - Parsing relationship: /xl/_rels/workbook.xml.rels
16:06:26.147 [main] DEBUG - Parsing relationship: /_rels/.rels
16:06:26.197 [main] DEBUG - Save content types part
16:06:26.200 [main] DEBUG - Save package relationships
16:06:26.203 [main] DEBUG - Save part 'docProps/app.xml'
16:06:26.204 [main] DEBUG - Save part 'docProps/core.xml'
16:06:26.207 [main] DEBUG - Save part 'xl/sharedStrings.xml'
16:06:26.208 [main] DEBUG - Save part 'xl/styles.xml'
16:06:26.209 [main] DEBUG - Save part 'xl/theme/theme1.xml'
16:06:26.210 [main] DEBUG - Save part 'xl/workbook.xml'
16:06:26.214 [main] DEBUG - Save part 'xl/worksheets/sheet1.xml'
16:06:26.214 [main] DEBUG - Save part 'xl/worksheets/sheet2.xml'
16:06:26.215 [main] DEBUG - Save part 'xl/worksheets/sheet3.xml'
16:06:26.215 [main] DEBUG - Save part 'xl/worksheets/sheet4.xml'
16:06:26.228 [main] DEBUG - Parsing relationship: /xl/_rels/workbook.xml.rels
16:06:26.230 [main] DEBUG - Parsing relationship: /_rels/.rels
16:06:26.279 [main] DEBUG - Save content types part
16:06:26.283 [main] DEBUG - Save package relationships
16:06:26.285 [main] DEBUG - Save part 'docProps/app.xml'
16:06:26.286 [main] DEBUG - Save part 'docProps/core.xml'
16:06:26.289 [main] DEBUG - Save part 'xl/sharedStrings.xml'
16:06:26.290 [main] DEBUG - Save part 'xl/styles.xml'
16:06:26.291 [main] DEBUG - Save part 'xl/theme/theme1.xml'
16:06:26.292 [main] DEBUG - Save part 'xl/workbook.xml'
16:06:26.295 [main] DEBUG - Save part 'xl/worksheets/sheet1.xml'
16:06:26.296 [main] DEBUG - Save part 'xl/worksheets/sheet2.xml'
16:06:26.298 [main] DEBUG - Save part 'xl/worksheets/sheet3.xml'
16:06:26.298 [main] DEBUG - Save part 'xl/worksheets/sheet4.xml'
16:06:26.468 [main] DEBUG - Parsing relationship: /xl/_rels/workbook.xml.rels
16:06:26.471 [main] DEBUG - Parsing relationship: /_rels/.rels
16:06:26.512 [main] DEBUG - Save content types part
16:06:26.515 [main] DEBUG - Save package relationships
16:06:26.517 [main] DEBUG - Save part 'docProps/app.xml'
16:06:26.518 [main] DEBUG - Save part 'docProps/core.xml'
16:06:26.520 [main] DEBUG - Save part 'xl/sharedStrings.xml'
16:06:26.520 [main] DEBUG - Save part 'xl/styles.xml'
16:06:26.520 [main] DEBUG - Save part 'xl/theme/theme1.xml'
16:06:26.522 [main] DEBUG - Save part 'xl/workbook.xml'
16:06:26.525 [main] DEBUG - Save part 'xl/worksheets/sheet1.xml'
16:06:26.525 [main] DEBUG - Save part 'xl/worksheets/sheet2.xml'
16:06:26.526 [main] DEBUG - Save part 'xl/worksheets/sheet3.xml'
16:06:26.526 [main] DEBUG - Save part 'xl/worksheets/sheet4.xml'
16:06:26.538 [main] DEBUG - Parsing relationship: /xl/_rels/workbook.xml.rels
16:06:26.539 [main] DEBUG - Parsing relationship: /_rels/.rels
16:06:26.581 [main] DEBUG - Save content types part
16:06:26.583 [main] DEBUG - Save package relationships
16:06:26.585 [main] DEBUG - Save part 'docProps/app.xml'
16:06:26.585 [main] DEBUG - Save part 'docProps/core.xml'
16:06:26.588 [main] DEBUG - Save part 'xl/sharedStrings.xml'
16:06:26.589 [main] DEBUG - Save part 'xl/styles.xml'
16:06:26.589 [main] DEBUG - Save part 'xl/theme/theme1.xml'
16:06:26.590 [main] DEBUG - Save part 'xl/workbook.xml'
16:06:26.593 [main] DEBUG - Save part 'xl/worksheets/sheet1.xml'
16:06:26.593 [main] DEBUG - Save part 'xl/worksheets/sheet2.xml'
16:06:26.594 [main] DEBUG - Save part 'xl/worksheets/sheet3.xml'
16:06:26.595 [main] DEBUG - Save part 'xl/worksheets/sheet4.xml'
16:06:26.605 [main] DEBUG - Parsing relationship: /xl/_rels/workbook.xml.rels
16:06:26.606 [main] DEBUG - Parsing relationship: /_rels/.rels
16:06:26.650 [main] DEBUG - Save content types part
16:06:26.653 [main] DEBUG - Save package relationships
16:06:26.655 [main] DEBUG - Save part 'docProps/app.xml'
16:06:26.656 [main] DEBUG - Save part 'docProps/core.xml'
16:06:26.659 [main] DEBUG - Save part 'xl/sharedStrings.xml'
16:06:26.660 [main] DEBUG - Save part 'xl/styles.xml'
16:06:26.660 [main] DEBUG - Save part 'xl/theme/theme1.xml'
16:06:26.661 [main] DEBUG - Save part 'xl/workbook.xml'
16:06:26.664 [main] DEBUG - Save part 'xl/worksheets/sheet1.xml'
16:06:26.665 [main] DEBUG - Save part 'xl/worksheets/sheet2.xml'
16:06:26.665 [main] DEBUG - Save part 'xl/worksheets/sheet3.xml'
16:06:26.666 [main] DEBUG - Save part 'xl/worksheets/sheet4.xml'
16:06:27.274 [main] DEBUG - Parsing relationship: /xl/_rels/workbook.xml.rels
16:06:27.276 [main] DEBUG - Parsing relationship: /_rels/.rels
16:06:27.334 [main] DEBUG - Save content types part
16:06:27.337 [main] DEBUG - Save package relationships
16:06:27.339 [main] DEBUG - Save part 'docProps/app.xml'
16:06:27.339 [main] DEBUG - Save part 'docProps/core.xml'
16:06:27.342 [main] DEBUG - Save part 'xl/sharedStrings.xml'
16:06:27.343 [main] DEBUG - Save part 'xl/styles.xml'
16:06:27.343 [main] DEBUG - Save part 'xl/theme/theme1.xml'
16:06:27.344 [main] DEBUG - Save part 'xl/workbook.xml'
16:06:27.348 [main] DEBUG - Save part 'xl/worksheets/sheet1.xml'
16:06:27.349 [main] DEBUG - Save part 'xl/worksheets/sheet2.xml'
16:06:27.350 [main] DEBUG - Save part 'xl/worksheets/sheet3.xml'
16:06:27.351 [main] DEBUG - Save part 'xl/worksheets/sheet4.xml'
16:06:27.364 [main] DEBUG - Parsing relationship: /xl/_rels/workbook.xml.rels
16:06:27.365 [main] DEBUG - Parsing relationship: /_rels/.rels
16:06:27.421 [main] DEBUG - Save content types part
16:06:27.423 [main] DEBUG - Save package relationships
16:06:27.426 [main] DEBUG - Save part 'docProps/app.xml'
16:06:27.426 [main] DEBUG - Save part 'docProps/core.xml'
16:06:27.429 [main] DEBUG - Save part 'xl/sharedStrings.xml'
16:06:27.430 [main] DEBUG - Save part 'xl/styles.xml'
16:06:27.430 [main] DEBUG - Save part 'xl/theme/theme1.xml'
16:06:27.431 [main] DEBUG - Save part 'xl/workbook.xml'
16:06:27.433 [main] DEBUG - Save part 'xl/worksheets/sheet1.xml'
16:06:27.434 [main] DEBUG - Save part 'xl/worksheets/sheet2.xml'
16:06:27.434 [main] DEBUG - Save part 'xl/worksheets/sheet3.xml'
16:06:27.435 [main] DEBUG - Save part 'xl/worksheets/sheet4.xml'
16:06:27.445 [main] DEBUG - Parsing relationship: /xl/_rels/workbook.xml.rels
16:06:27.446 [main] DEBUG - Parsing relationship: /_rels/.rels
16:06:27.484 [main] DEBUG - Save content types part
16:06:27.487 [main] DEBUG - Save package relationships
16:06:27.489 [main] DEBUG - Save part 'docProps/app.xml'
16:06:27.490 [main] DEBUG - Save part 'docProps/core.xml'
16:06:27.492 [main] DEBUG - Save part 'xl/sharedStrings.xml'
16:06:27.492 [main] DEBUG - Save part 'xl/styles.xml'
16:06:27.493 [main] DEBUG - Save part 'xl/theme/theme1.xml'
16:06:27.493 [main] DEBUG - Save part 'xl/workbook.xml'
16:06:27.497 [main] DEBUG - Save part 'xl/worksheets/sheet1.xml'
16:06:27.497 [main] DEBUG - Save part 'xl/worksheets/sheet2.xml'
16:06:27.497 [main] DEBUG - Save part 'xl/worksheets/sheet3.xml'
16:06:27.498 [main] DEBUG - Save part 'xl/worksheets/sheet4.xml'
16:06:27.849 [main] DEBUG - Parsing relationship: /xl/_rels/workbook.xml.rels
16:06:27.850 [main] DEBUG - Parsing relationship: /_rels/.rels
16:06:27.888 [main] DEBUG - Save content types part
16:06:27.890 [main] DEBUG - Save package relationships
16:06:27.892 [main] DEBUG - Save part 'docProps/app.xml'
16:06:27.892 [main] DEBUG - Save part 'docProps/core.xml'
16:06:27.895 [main] DEBUG - Save part 'xl/sharedStrings.xml'
16:06:27.895 [main] DEBUG - Save part 'xl/styles.xml'
16:06:27.896 [main] DEBUG - Save part 'xl/theme/theme1.xml'
16:06:27.896 [main] DEBUG - Save part 'xl/workbook.xml'
16:06:27.899 [main] DEBUG - Save part 'xl/worksheets/sheet1.xml'
16:06:27.899 [main] DEBUG - Save part 'xl/worksheets/sheet2.xml'
16:06:27.900 [main] DEBUG - Save part 'xl/worksheets/sheet3.xml'
16:06:27.900 [main] DEBUG - Save part 'xl/worksheets/sheet4.xml'
16:06:27.909 [main] DEBUG - Parsing relationship: /xl/_rels/workbook.xml.rels
16:06:27.911 [main] DEBUG - Parsing relationship: /_rels/.rels
16:06:27.953 [main] DEBUG - Save content types part
16:06:27.956 [main] DEBUG - Save package relationships
16:06:27.958 [main] DEBUG - Save part 'docProps/app.xml'
16:06:27.959 [main] DEBUG - Save part 'docProps/core.xml'
16:06:27.962 [main] DEBUG - Save part 'xl/sharedStrings.xml'
16:06:27.962 [main] DEBUG - Save part 'xl/styles.xml'
16:06:27.963 [main] DEBUG - Save part 'xl/theme/theme1.xml'
16:06:27.964 [main] DEBUG - Save part 'xl/workbook.xml'
16:06:27.967 [main] DEBUG - Save part 'xl/worksheets/sheet1.xml'
16:06:27.967 [main] DEBUG - Save part 'xl/worksheets/sheet2.xml'
16:06:27.968 [main] DEBUG - Save part 'xl/worksheets/sheet3.xml'
16:06:27.968 [main] DEBUG - Save part 'xl/worksheets/sheet4.xml'
16:06:27.979 [main] DEBUG - Parsing relationship: /xl/_rels/workbook.xml.rels
16:06:27.981 [main] DEBUG - Parsing relationship: /_rels/.rels
16:06:28.023 [main] DEBUG - Save content types part
16:06:28.026 [main] DEBUG - Save package relationships
16:06:28.028 [main] DEBUG - Save part 'docProps/app.xml'
16:06:28.029 [main] DEBUG - Save part 'docProps/core.xml'
16:06:28.032 [main] DEBUG - Save part 'xl/sharedStrings.xml'
16:06:28.033 [main] DEBUG - Save part 'xl/styles.xml'
16:06:28.033 [main] DEBUG - Save part 'xl/theme/theme1.xml'
16:06:28.034 [main] DEBUG - Save part 'xl/workbook.xml'
16:06:28.037 [main] DEBUG - Save part 'xl/worksheets/sheet1.xml'
16:06:28.037 [main] DEBUG - Save part 'xl/worksheets/sheet2.xml'
16:06:28.037 [main] DEBUG - Save part 'xl/worksheets/sheet3.xml'
16:06:28.038 [main] DEBUG - Save part 'xl/worksheets/sheet4.xml'
16:06:28.236 [main] DEBUG - Parsing relationship: /xl/_rels/workbook.xml.rels
16:06:28.237 [main] DEBUG - Parsing relationship: /_rels/.rels
16:06:28.276 [main] DEBUG - Save content types part
16:06:28.279 [main] DEBUG - Save package relationships
16:06:28.281 [main] DEBUG - Save part 'docProps/app.xml'
16:06:28.282 [main] DEBUG - Save part 'docProps/core.xml'
16:06:28.284 [main] DEBUG - Save part 'xl/sharedStrings.xml'
16:06:28.284 [main] DEBUG - Save part 'xl/styles.xml'
16:06:28.285 [main] DEBUG - Save part 'xl/theme/theme1.xml'
16:06:28.286 [main] DEBUG - Save part 'xl/workbook.xml'
16:06:28.289 [main] DEBUG - Save part 'xl/worksheets/sheet1.xml'
16:06:28.289 [main] DEBUG - Save part 'xl/worksheets/sheet2.xml'
16:06:28.290 [main] DEBUG - Save part 'xl/worksheets/sheet3.xml'
16:06:28.290 [main] DEBUG - Save part 'xl/worksheets/sheet4.xml'
16:06:28.298 [main] DEBUG - Parsing relationship: /xl/_rels/workbook.xml.rels
16:06:28.300 [main] DEBUG - Parsing relationship: /_rels/.rels
16:06:28.339 [main] DEBUG - Save content types part
16:06:28.341 [main] DEBUG - Save package relationships
16:06:28.343 [main] DEBUG - Save part 'docProps/app.xml'
16:06:28.344 [main] DEBUG - Save part 'docProps/core.xml'
16:06:28.346 [main] DEBUG - Save part 'xl/sharedStrings.xml'
16:06:28.346 [main] DEBUG - Save part 'xl/styles.xml'
16:06:28.347 [main] DEBUG - Save part 'xl/theme/theme1.xml'
16:06:28.348 [main] DEBUG - Save part 'xl/workbook.xml'
16:06:28.350 [main] DEBUG - Save part 'xl/worksheets/sheet1.xml'
16:06:28.351 [main] DEBUG - Save part 'xl/worksheets/sheet2.xml'
16:06:28.351 [main] DEBUG - Save part 'xl/worksheets/sheet3.xml'
16:06:28.352 [main] DEBUG - Save part 'xl/worksheets/sheet4.xml'
16:06:28.360 [main] DEBUG - Parsing relationship: /xl/_rels/workbook.xml.rels
16:06:28.362 [main] DEBUG - Parsing relationship: /_rels/.rels
16:06:28.400 [main] DEBUG - Save content types part
16:06:28.403 [main] DEBUG - Save package relationships
16:06:28.405 [main] DEBUG - Save part 'docProps/app.xml'
16:06:28.406 [main] DEBUG - Save part 'docProps/core.xml'
16:06:28.408 [main] DEBUG - Save part 'xl/sharedStrings.xml'
16:06:28.409 [main] DEBUG - Save part 'xl/styles.xml'
16:06:28.409 [main] DEBUG - Save part 'xl/theme/theme1.xml'
16:06:28.410 [main] DEBUG - Save part 'xl/workbook.xml'
16:06:28.413 [main] DEBUG - Save part 'xl/worksheets/sheet1.xml'
16:06:28.414 [main] DEBUG - Save part 'xl/worksheets/sheet2.xml'
16:06:28.414 [main] DEBUG - Save part 'xl/worksheets/sheet3.xml'
16:06:28.415 [main] DEBUG - Save part 'xl/worksheets/sheet4.xml'
16:06:28.616 [main] DEBUG - Parsing relationship: /xl/_rels/workbook.xml.rels
16:06:28.617 [main] DEBUG - Parsing relationship: /_rels/.rels
16:06:28.653 [main] DEBUG - Save content types part
16:06:28.656 [main] DEBUG - Save package relationships
16:06:28.658 [main] DEBUG - Save part 'docProps/app.xml'
16:06:28.659 [main] DEBUG - Save part 'docProps/core.xml'
16:06:28.661 [main] DEBUG - Save part 'xl/sharedStrings.xml'
16:06:28.662 [main] DEBUG - Save part 'xl/styles.xml'
16:06:28.662 [main] DEBUG - Save part 'xl/theme/theme1.xml'
16:06:28.663 [main] DEBUG - Save part 'xl/workbook.xml'
16:06:28.666 [main] DEBUG - Save part 'xl/worksheets/sheet1.xml'
16:06:28.666 [main] DEBUG - Save part 'xl/worksheets/sheet2.xml'
16:06:28.667 [main] DEBUG - Save part 'xl/worksheets/sheet3.xml'
16:06:28.667 [main] DEBUG - Save part 'xl/worksheets/sheet4.xml'
16:06:28.676 [main] DEBUG - Parsing relationship: /xl/_rels/workbook.xml.rels
16:06:28.677 [main] DEBUG - Parsing relationship: /_rels/.rels
16:06:28.722 [main] DEBUG - Save content types part
16:06:28.725 [main] DEBUG - Save package relationships
16:06:28.727 [main] DEBUG - Save part 'docProps/app.xml'
16:06:28.728 [main] DEBUG - Save part 'docProps/core.xml'
16:06:28.731 [main] DEBUG - Save part 'xl/sharedStrings.xml'
16:06:28.732 [main] DEBUG - Save part 'xl/styles.xml'
16:06:28.733 [main] DEBUG - Save part 'xl/theme/theme1.xml'
16:06:28.733 [main] DEBUG - Save part 'xl/workbook.xml'
16:06:28.736 [main] DEBUG - Save part 'xl/worksheets/sheet1.xml'
16:06:28.737 [main] DEBUG - Save part 'xl/worksheets/sheet2.xml'
16:06:28.738 [main] DEBUG - Save part 'xl/worksheets/sheet3.xml'
16:06:28.738 [main] DEBUG - Save part 'xl/worksheets/sheet4.xml'
16:06:28.751 [main] DEBUG - Parsing relationship: /xl/_rels/workbook.xml.rels
16:06:28.753 [main] DEBUG - Parsing relationship: /_rels/.rels
16:06:28.791 [main] DEBUG - Save content types part
16:06:28.794 [main] DEBUG - Save package relationships
16:06:28.797 [main] DEBUG - Save part 'docProps/app.xml'
16:06:28.797 [main] DEBUG - Save part 'docProps/core.xml'
16:06:28.800 [main] DEBUG - Save part 'xl/sharedStrings.xml'
16:06:28.801 [main] DEBUG - Save part 'xl/styles.xml'
16:06:28.801 [main] DEBUG - Save part 'xl/theme/theme1.xml'
16:06:28.802 [main] DEBUG - Save part 'xl/workbook.xml'
16:06:28.805 [main] DEBUG - Save part 'xl/worksheets/sheet1.xml'
16:06:28.805 [main] DEBUG - Save part 'xl/worksheets/sheet2.xml'
16:06:28.806 [main] DEBUG - Save part 'xl/worksheets/sheet3.xml'
16:06:28.806 [main] DEBUG - Save part 'xl/worksheets/sheet4.xml'
16:06:28.835 [main] INFO  - **** Finished TC_001_UpcomingBike ****
